Using pre-set license
Built from '2021.1/staging' branch; Version is '2021.1.7f1 (d91830b65d9b) revision 14227504'; Using compiler version '192528614'; Build Type 'Release'
OS: 'Windows 10 Enterprise LTSC 2019; OS build 17763.1; Version 1809; 64bit' Language: 'ru' Physical Memory: 16335 MB
BatchMode: 1, IsHumanControllingUs: 0, StartBugReporterOnCrash: 0, Is64bit: 1, IsPro: 0

 COMMAND LINE ARGUMENTS:
C:\Program Files\Unity\Hub\Editor\2021.1.7f1\Editor\Unity.exe
-adb2
-batchMode
-noUpm
-name
AssetImportWorker0
-projectPath
C:/UnityProjects/SecurityGame/Unity
-logFile
Logs/AssetImportWorker0.log
-srvPort
49758
Successfully changed project path to: C:/UnityProjects/SecurityGame/Unity
C:/UnityProjects/SecurityGame/Unity
Using Asset Import Pipeline V2.
Refreshing native plugins compatible for Editor in 70.64 ms, found 1 plugins.
Preloading 0 native plugins for Editor in 0.00 ms.
Initialize engine version: 2021.1.7f1 (d91830b65d9b)
[Subsystems] Discovering subsystems at path C:/Program Files/Unity/Hub/Editor/2021.1.7f1/Editor/Data/Resources/UnitySubsystems
[Subsystems] Discovering subsystems at path C:/UnityProjects/SecurityGame/Unity/Assets
GfxDevice: creating device client; threaded=0; jobified=0
Direct3D:
    Version:  Direct3D 11.0 [level 11.1]
    Renderer: Radeon RX 580 Series (ID=0x67df)
    Vendor:   ATI
    VRAM:     8171 MB
    Driver:   27.20.21003.1028
Initialize mono
Mono path[0] = 'C:/Program Files/Unity/Hub/Editor/2021.1.7f1/Editor/Data/Managed'
Mono path[1] = 'C:/Program Files/Unity/Hub/Editor/2021.1.7f1/Editor/Data/MonoBleedingEdge/lib/mono/unityjit'
Mono config path = 'C:/Program Files/Unity/Hub/Editor/2021.1.7f1/Editor/Data/MonoBleedingEdge/etc'
Using monoOptions --debugger-agent=transport=dt_socket,embedding=1,server=y,suspend=n,address=127.0.0.1:56976
Begin MonoManager ReloadAssembly
Registering precompiled unity dll's ...
Register platform support module: C:/Program Files/Unity/Hub/Editor/2021.1.7f1/Editor/Data/PlaybackEngines/WindowsStandaloneSupport/UnityEditor.WindowsStandalone.Extensions.dll
Registered in 0.001223 seconds.
Native extension for WindowsStandalone target not found
Refreshing native plugins compatible for Editor in 75.22 ms, found 1 plugins.
Preloading 0 native plugins for Editor in 0.00 ms.
Mono: successfully reloaded assembly
- Completed reload, in  1.177 seconds
Platform modules already initialized, skipping
Registering precompiled user dll's ...
Registered in 0.002070 seconds.
Begin MonoManager ReloadAssembly
Symbol file LoadedFromMemory doesn't match image C:\UnityProjects\SecurityGame\Unity\Library\PackageCache\com.unity.visualscripting@1.6.1\Editor\VisualScripting.Core\Dependencies\YamlDotNet\Unity.VisualScripting.YamlDotNet.dll
Symbol file LoadedFromMemory doesn't match image C:\UnityProjects\SecurityGame\Unity\Library\PackageCache\com.unity.visualscripting@1.6.1\Editor\VisualScripting.Core\Dependencies\DotNetZip\Unity.VisualScripting.IonicZip.dll
Native extension for WindowsStandalone target not found
Refreshing native plugins compatible for Editor in 0.50 ms, found 1 plugins.
Preloading 0 native plugins for Editor in 0.00 ms.
Mono: successfully reloaded assembly
- Completed reload, in  0.878 seconds
Platform modules already initialized, skipping
========================================================================
Worker process is ready to serve import requests
Launched and connected shader compiler UnityShaderCompiler.exe after 0.03 seconds
Refreshing native plugins compatible for Editor in 0.52 ms, found 1 plugins.
Preloading 0 native plugins for Editor in 0.00 ms.
Unloading 2669 Unused Serialized files (Serialized files now loaded: 0)
System memory in use before: 98.3 MB.
System memory in use after: 98.4 MB.

Unloading 14 unused Assets to reduce memory usage. Loaded Objects now: 3122.
Total: 2.263700 ms (FindLiveObjects: 0.247500 ms CreateObjectMapping: 0.067600 ms MarkObjects: 1.868200 ms  DeleteObjects: 0.079200 ms)

========================================================================
Received Import Request.
  path: Assets/Scripts/SafetySystem.cs
  artifactKey: Guid(9034f9502ec711b4cbb17c85886865d3) Importer(815301076,1909f56bfc062723c751e8b465ee728b)
Start importing Assets/Scripts/SafetySystem.cs using Guid(9034f9502ec711b4cbb17c85886865d3) Importer(815301076,1909f56bfc062723c751e8b465ee728b)  -> (artifact id: 'd6e03204c986307bc831dcea98b95f3c') in 0.019619 seconds 
========================================================================
Received Import Request.
  Time since last request: 16.562363 seconds.
  path: Assets/Scripts/SafetySystem.cs
  artifactKey: Guid(9034f9502ec711b4cbb17c85886865d3) Importer(815301076,1909f56bfc062723c751e8b465ee728b)
Start importing Assets/Scripts/SafetySystem.cs using Guid(9034f9502ec711b4cbb17c85886865d3) Importer(815301076,1909f56bfc062723c751e8b465ee728b)  -> (artifact id: '2e31c2157a4f10f2753a1ee5c6b26655') in 0.001736 seconds 
========================================================================
Received Import Request.
  Time since last request: 10.069696 seconds.
  path: Assets/Scripts/SafetySystem.cs
  artifactKey: Guid(9034f9502ec711b4cbb17c85886865d3) Importer(815301076,1909f56bfc062723c751e8b465ee728b)
Start importing Assets/Scripts/SafetySystem.cs using Guid(9034f9502ec711b4cbb17c85886865d3) Importer(815301076,1909f56bfc062723c751e8b465ee728b)  -> (artifact id: '6707fac365d66c09e0ebb7b806d26f38') in 0.001635 seconds 
========================================================================
Received Import Request.
  Time since last request: 17.150019 seconds.
  path: Assets/Scripts/SafetySystem.cs
  artifactKey: Guid(9034f9502ec711b4cbb17c85886865d3) Importer(815301076,1909f56bfc062723c751e8b465ee728b)
Start importing Assets/Scripts/SafetySystem.cs using Guid(9034f9502ec711b4cbb17c85886865d3) Importer(815301076,1909f56bfc062723c751e8b465ee728b)  -> (artifact id: 'c9f76c803420d03456d816199c89da27') in 0.001599 seconds 
========================================================================
Received Import Request.
  Time since last request: 3.637757 seconds.
  path: Assets/Scripts/SafetySystem.cs
  artifactKey: Guid(9034f9502ec711b4cbb17c85886865d3) Importer(815301076,1909f56bfc062723c751e8b465ee728b)
Start importing Assets/Scripts/SafetySystem.cs using Guid(9034f9502ec711b4cbb17c85886865d3) Importer(815301076,1909f56bfc062723c751e8b465ee728b)  -> (artifact id: '008afc67726e183345edcc1580e0fb15') in 0.001691 seconds 
========================================================================
Received Import Request.
  Time since last request: 27.290055 seconds.
  path: Assets/Scripts/SafetySystem.cs
  artifactKey: Guid(9034f9502ec711b4cbb17c85886865d3) Importer(815301076,1909f56bfc062723c751e8b465ee728b)
Start importing Assets/Scripts/SafetySystem.cs using Guid(9034f9502ec711b4cbb17c85886865d3) Importer(815301076,1909f56bfc062723c751e8b465ee728b)  -> (artifact id: 'e39a0154687e2d45b149681742af0d69') in 0.001567 seconds 
========================================================================
Received Import Request.
  Time since last request: 12.179332 seconds.
  path: Assets/Scripts/SafetySystem.cs
  artifactKey: Guid(9034f9502ec711b4cbb17c85886865d3) Importer(815301076,1909f56bfc062723c751e8b465ee728b)
Start importing Assets/Scripts/SafetySystem.cs using Guid(9034f9502ec711b4cbb17c85886865d3) Importer(815301076,1909f56bfc062723c751e8b465ee728b)  -> (artifact id: '995cbee35671dd5d638d123e1f33f458') in 0.001643 seconds 
========================================================================
Received Import Request.
  Time since last request: 5.816154 seconds.
  path: Assets/Scripts/SafetySystem.cs
  artifactKey: Guid(9034f9502ec711b4cbb17c85886865d3) Importer(815301076,1909f56bfc062723c751e8b465ee728b)
Start importing Assets/Scripts/SafetySystem.cs using Guid(9034f9502ec711b4cbb17c85886865d3) Importer(815301076,1909f56bfc062723c751e8b465ee728b)  -> (artifact id: 'a9917c7e78358dde27f7504e42b3ce84') in 0.001713 seconds 
========================================================================
Received Prepare
Registering precompiled user dll's ...
Registered in 0.002063 seconds.
Begin MonoManager ReloadAssembly
Symbol file LoadedFromMemory doesn't match image C:\UnityProjects\SecurityGame\Unity\Library\PackageCache\com.unity.visualscripting@1.6.1\Editor\VisualScripting.Core\Dependencies\YamlDotNet\Unity.VisualScripting.YamlDotNet.dll
Symbol file LoadedFromMemory doesn't match image C:\UnityProjects\SecurityGame\Unity\Library\PackageCache\com.unity.visualscripting@1.6.1\Editor\VisualScripting.Core\Dependencies\DotNetZip\Unity.VisualScripting.IonicZip.dll
Native extension for WindowsStandalone target not found
Refreshing native plugins compatible for Editor in 0.54 ms, found 1 plugins.
Preloading 0 native plugins for Editor in 0.00 ms.
Mono: successfully reloaded assembly
- Completed reload, in  0.818 seconds
Platform modules already initialized, skipping
Refreshing native plugins compatible for Editor in 0.53 ms, found 1 plugins.
Preloading 0 native plugins for Editor in 0.00 ms.
Unloading 2664 Unused Serialized files (Serialized files now loaded: 0)
System memory in use before: 98.3 MB.
System memory in use after: 98.4 MB.

Unloading 9 unused Assets to reduce memory usage. Loaded Objects now: 3125.
Total: 2.096600 ms (FindLiveObjects: 0.261200 ms CreateObjectMapping: 0.067300 ms MarkObjects: 1.705300 ms  DeleteObjects: 0.061500 ms)

